<?xml version='1.0' encoding='UTF-8' ?>
<testsuite name="com.example.android.testing.espresso.BasicSample.ChangeTextBehaviorTest" tests="2" failures="1" errors="0" skipped="0" time="3.607" timestamp="2016-04-12T18:19:07" hostname="localhost">
  <properties>
    <property name="device" value="Nexus_5_API_23(AVD) - 6.0" />
    <property name="flavor" value="" />
    <property name="project" value="app" />
  </properties>
  <testcase name="changeText_newActivity" classname="com.example.android.testing.espresso.BasicSample.ChangeTextBehaviorTest" time="1.901" />
  <testcase name="changeText_sameActivity" classname="com.example.android.testing.espresso.BasicSample.ChangeTextBehaviorTest" time="1.54">
    <failure>android.support.test.espresso.base.DefaultFailureHandler$AssertionFailedWithCauseError: 'with text: is "Espressssssss"' doesn't match the selected view.
Expected: with text: is "Espressssssss"
Got: "TextView{id=2131165184, res-name=textToBeChanged, visibility=VISIBLE, width=271, height=88, has-focus=false, has-focusable=false, has-window-focus=true, is-clickable=false, is-enabled=true, is-focused=false, is-focusable=false, is-layout-requested=false, is-selected=false, root-is-layout-requested=false, has-input-connection=false, x=404.0, y=144.0, text=Espresso, input-type=0, ime-target=false, has-links=false}"

at dalvik.system.VMStack.getThreadStackTrace(Native Method)
at java.lang.Thread.getStackTrace(Thread.java:580)
at android.support.test.espresso.base.DefaultFailureHandler.getUserFriendlyError(DefaultFailureHandler.java:82)
at android.support.test.espresso.base.DefaultFailureHandler.handle(DefaultFailureHandler.java:53)
at android.support.test.espresso.ViewInteraction.runSynchronouslyOnUiThread(ViewInteraction.java:184)
at android.support.test.espresso.ViewInteraction.check(ViewInteraction.java:158)
at com.example.android.testing.espresso.BasicSample.ChangeTextBehaviorTest.changeText_sameActivity(ChangeTextBehaviorTest.java:76)
at java.lang.reflect.Method.invoke(Native Method)
at org.junit.runners.model.FrameworkMethod$1.runReflectiveCall(FrameworkMethod.java:50)
at org.junit.internal.runners.model.ReflectiveCallable.run(ReflectiveCallable.java:12)
at org.junit.runners.model.FrameworkMethod.invokeExplosively(FrameworkMethod.java:47)
at org.junit.internal.runners.statements.InvokeMethod.evaluate(InvokeMethod.java:17)
at android.support.test.internal.statement.UiThreadStatement.evaluate(UiThreadStatement.java:55)
at android.support.test.rule.ActivityTestRule$ActivityStatement.evaluate(ActivityTestRule.java:257)
at org.junit.rules.RunRules.evaluate(RunRules.java:20)
at org.junit.runners.ParentRunner.runLeaf(ParentRunner.java:325)
at org.junit.runners.BlockJUnit4ClassRunner.runChild(BlockJUnit4ClassRunner.java:78)
at org.junit.runners.BlockJUnit4ClassRunner.runChild(BlockJUnit4ClassRunner.java:57)
at org.junit.runners.ParentRunner$3.run(ParentRunner.java:290)
at org.junit.runners.ParentRunner$1.schedule(ParentRunner.java:71)
at org.junit.runners.ParentRunner.runChildren(ParentRunner.java:288)
at org.junit.runners.ParentRunner.access$000(ParentRunner.java:58)
at org.junit.runners.ParentRunner$2.evaluate(ParentRunner.java:268)
at org.junit.runners.ParentRunner.run(ParentRunner.java:363)
at org.junit.runners.Suite.runChild(Suite.java:128)
at org.junit.runners.Suite.runChild(Suite.java:27)
at org.junit.runners.ParentRunner$3.run(ParentRunner.java:290)
at org.junit.runners.ParentRunner$1.schedule(ParentRunner.java:71)
at org.junit.runners.ParentRunner.runChildren(ParentRunner.java:288)
at org.junit.runners.ParentRunner.access$000(ParentRunner.java:58)
at org.junit.runners.ParentRunner$2.evaluate(ParentRunner.java:268)
at org.junit.runners.ParentRunner.run(ParentRunner.java:363)
at org.junit.runner.JUnitCore.run(JUnitCore.java:137)
at org.junit.runner.JUnitCore.run(JUnitCore.java:115)
at android.support.test.internal.runner.TestExecutor.execute(TestExecutor.java:54)
at android.support.test.runner.AndroidJUnitRunner.onStart(AndroidJUnitRunner.java:240)
at android.app.Instrumentation$InstrumentationThread.run(Instrumentation.java:1879)
Caused by: junit.framework.AssertionFailedError: 'with text: is "Espressssssss"' doesn't match the selected view.
Expected: with text: is "Espressssssss"
Got: "TextView{id=2131165184, res-name=textToBeChanged, visibility=VISIBLE, width=271, height=88, has-focus=false, has-focusable=false, has-window-focus=true, is-clickable=false, is-enabled=true, is-focused=false, is-focusable=false, is-layout-requested=false, is-selected=false, root-is-layout-requested=false, has-input-connection=false, x=404.0, y=144.0, text=Espresso, input-type=0, ime-target=false, has-links=false}"

at android.support.test.espresso.matcher.ViewMatchers.assertThat(ViewMatchers.java:1014)
at android.support.test.espresso.assertion.ViewAssertions$2.check(ViewAssertions.java:89)
at android.support.test.espresso.ViewInteraction$2.run(ViewInteraction.java:170)
at java.util.concurrent.Executors$RunnableAdapter.call(Executors.java:423)
at java.util.concurrent.FutureTask.run(FutureTask.java:237)
at android.os.Handler.handleCallback(Handler.java:739)
at android.os.Handler.dispatchMessage(Handler.java:95)
at android.os.Looper.loop(Looper.java:148)
at android.app.ActivityThread.main(ActivityThread.java:5417)
at java.lang.reflect.Method.invoke(Native Method)
at com.android.internal.os.ZygoteInit$MethodAndArgsCaller.run(ZygoteInit.java:726)
at com.android.internal.os.ZygoteInit.main(ZygoteInit.java:616)
</failure>
  </testcase>
</testsuite>